2022-05-02 12:02:52 27.74.249.198: called: create_options
2022-05-02 12:03:11 27.74.249.198: set_fastest set downloadserver to files-sg.directadmin.com
2022-05-02 12:10:14 27.74.249.198: OpenLiteSpeed 1.7.15 installed
2022-05-02 12:10:18 27.74.249.198: bubblewrap 0.5.0 installed
2022-05-02 12:10:24 27.74.249.198: msmtp 1.8.19 installed
2022-05-02 12:12:49 27.74.249.198: mariadb 10.5.15 installed
2022-05-02 12:15:27 27.74.249.198: libzip 1.7.3 installed
2022-05-02 12:18:20 27.74.249.198: igbinary 3.2.6 installed
2022-05-02 12:18:39 27.74.249.198: redis 5.3.4 installed
2022-05-02 12:19:01 27.74.249.198: IMAP 2007f installed
2022-05-02 12:19:08 27.74.249.198: imap installed
2022-05-02 12:19:20 27.74.249.198: Ioncube 11.0.0 installed
2022-05-02 12:21:02 27.74.249.198: ImageMagick 7.1.0-24 installed
2022-05-02 12:21:14 27.74.249.198: imagick 3.7.0 installed
2022-05-02 12:21:26 27.74.249.198: imagick 3.7.0 installed
2022-05-02 12:21:30 27.74.249.198: PHP 7.4.29 installed
2022-05-02 12:24:16 27.74.249.198: igbinary 3.2.6 installed
2022-05-02 12:24:16 27.74.249.198: redis 5.3.4 installed
2022-05-02 12:24:23 27.74.249.198: imap installed
2022-05-02 12:24:35 27.74.249.198: Ioncube 11.0.0 installed
2022-05-02 12:24:45 27.74.249.198: imagick 3.7.0 installed
2022-05-02 12:24:51 27.74.249.198: PHP 5.6.40 installed
2022-05-02 12:27:52 27.74.249.198: imap installed
2022-05-02 12:28:05 27.74.249.198: Ioncube 11.0.0 installed
2022-05-02 12:28:16 27.74.249.198: imagick 3.7.0 installed
2022-05-02 12:28:21 27.74.249.198: PHP 7.3.33 installed
2022-05-02 12:32:50 27.74.249.198: igbinary 3.2.6 installed
2022-05-02 12:33:09 27.74.249.198: redis 5.3.4 installed
2022-05-02 12:33:16 27.74.249.198: imap installed
2022-05-02 12:33:28 27.74.249.198: Ioncube 11.0.0 installed
2022-05-02 12:33:40 27.74.249.198: imagick 3.7.0 installed
2022-05-02 12:33:45 27.74.249.198: PHP 8.0.18 installed
2022-05-02 12:33:45 27.74.249.198: PHP built
2022-05-02 12:35:25 27.74.249.198: ImageMagick 7.1.0-24 installed
2022-05-02 12:36:13 27.74.249.198: imagick 3.7.0 installed
2022-05-02 12:36:31 27.74.249.198: libsrs_alt 1.0 installed
2022-05-02 12:36:44 27.74.249.198: exim.conf installed
2022-05-02 12:36:45 27.74.249.198: Exim 4.95 installed
2022-05-02 12:39:50 27.74.249.198: dovecot.conf installed
2022-05-02 12:41:35 27.74.249.198: Dovecot 2.3.18 installed
2022-05-02 12:42:03 27.74.249.198: Pure-ftpd 1.0.49 installed
2022-05-02 12:42:15 27.74.249.198: RoundCube 1.5.2 installed
2022-05-02 12:42:30 27.74.249.198: dophpMyAdmin: installed version 5.1.3-all-languages
2022-05-02 12:42:33 27.74.249.198: exim.conf installed
2022-05-02 12:42:45 27.74.249.198: Lego 953d5c85145b6a2b9a52f2d919faf23e04a359b3 installed
2022-05-02 12:42:46 27.74.249.198: Let's Encrypt client update requested
2022-05-02 12:42:53 27.74.249.198: called: all d
2022-05-02 12:45:19 27.74.249.198: secure_phpini: /usr/local/php56/lib/php.ini secured
2022-05-02 12:45:19 27.74.249.198: secure_phpini: /usr/local/php73/lib/php.ini secured
2022-05-02 12:45:19 27.74.249.198: secure_phpini: /usr/local/php74/lib/php.ini secured
2022-05-02 12:45:19 27.74.249.198: secure_phpini: /usr/local/php80/lib/php.ini secured
2022-05-02 12:45:20 27.74.249.198: called: secure_php
2022-05-14 03:29:25 localhost: called: cron
2022-05-15 03:41:08 localhost: called: cron
2022-05-16 03:33:11 localhost: called: cron
2022-05-17 03:15:07 localhost: called: cron
2022-05-18 03:43:01 localhost: called: cron
2022-05-19 03:48:15 localhost: called: cron
2022-05-20 03:08:08 localhost: called: cron
2022-05-21 03:46:06 localhost: called: cron
2022-05-22 03:29:06 localhost: called: cron
2022-05-23 03:28:23 localhost: called: cron
2022-05-24 03:16:07 localhost: called: cron
2022-05-25 03:50:06 localhost: called: cron
2022-05-26 03:08:07 localhost: called: cron
2022-05-27 03:22:07 localhost: called: cron
2022-05-28 03:13:07 localhost: called: cron
2022-05-29 03:30:06 localhost: called: cron
2022-05-30 03:16:06 localhost: called: cron
2022-05-31 03:35:07 localhost: called: cron
2022-06-01 03:19:07 localhost: called: cron
2022-06-02 03:15:07 localhost: called: cron
2022-06-03 03:43:07 localhost: called: cron
2022-06-04 03:32:07 localhost: called: cron
2022-06-05 03:21:08 localhost: called: cron
2022-06-06 03:44:07 localhost: called: cron
2022-06-07 03:06:07 localhost: called: cron
2022-06-08 03:46:06 localhost: called: cron
2022-06-09 03:20:07 localhost: called: cron
2022-06-10 03:42:06 localhost: called: cron
2022-06-11 03:16:06 localhost: called: cron
2022-06-12 03:12:35 localhost: called: cron
2022-06-13 03:26:07 localhost: called: cron
2022-06-14 03:26:07 localhost: called: cron
2022-06-15 03:24:14 localhost: called: cron
2022-06-16 03:38:07 localhost: called: cron
2022-06-17 03:50:07 localhost: called: cron
2022-06-18 03:42:06 localhost: called: cron
2022-06-19 03:41:06 localhost: called: cron
2022-06-20 03:39:07 localhost: called: cron
2022-06-21 03:25:06 localhost: called: cron
2022-06-22 03:39:06 localhost: called: cron
2022-06-23 03:29:06 localhost: called: cron
2022-06-24 03:43:07 localhost: called: cron
2022-06-25 03:12:07 localhost: called: cron
2022-06-26 03:24:07 localhost: called: cron
2022-06-27 03:36:07 localhost: called: cron
2022-06-28 03:12:07 localhost: called: cron
2022-06-29 03:21:12 localhost: called: cron
2022-06-30 03:35:08 localhost: called: cron
2022-07-01 03:07:07 localhost: called: cron
2022-07-02 03:39:06 localhost: called: cron
2022-07-03 03:44:08 localhost: called: cron
2022-07-04 03:47:07 localhost: called: cron
2022-07-05 03:49:07 localhost: called: cron
2022-07-06 03:22:07 localhost: called: cron
2022-07-07 03:19:07 localhost: called: cron
2022-07-08 03:06:07 localhost: called: cron
2022-07-09 03:43:34 localhost: called: cron
2022-07-10 03:39:07 localhost: called: cron
2022-07-11 03:40:07 localhost: called: cron
2022-07-12 03:20:08 localhost: called: cron
2022-07-13 03:15:07 localhost: called: cron
2022-07-14 03:45:08 localhost: called: cron
2022-07-15 03:31:10 localhost: called: cron
2022-07-16 03:49:07 localhost: called: cron
2022-07-17 03:27:07 localhost: called: cron
2022-07-18 03:18:07 localhost: called: cron
2022-07-19 03:32:08 localhost: called: cron
2022-07-20 03:45:07 localhost: called: cron
2022-07-21 03:23:07 localhost: called: cron
2022-07-22 03:13:07 localhost: called: cron
2022-07-23 03:15:07 localhost: called: cron
2022-07-24 03:39:14 localhost: called: cron
2022-07-25 03:31:07 localhost: called: cron
2022-07-26 03:23:07 localhost: called: cron
2022-07-27 03:43:07 localhost: called: cron
2022-07-28 03:07:08 localhost: called: cron
2022-07-29 03:49:08 localhost: called: cron
2022-07-30 03:28:07 localhost: called: cron
2022-07-31 03:44:07 localhost: called: cron
2022-08-01 03:24:07 localhost: called: cron
2022-08-02 03:41:07 localhost: called: cron
2022-08-03 03:19:07 localhost: called: cron
2022-08-04 03:13:08 localhost: called: cron
2022-08-05 03:19:06 localhost: called: cron
2022-08-06 03:28:07 localhost: called: cron
2022-08-07 03:35:07 localhost: called: cron
2022-08-08 03:26:06 localhost: called: cron
2022-08-09 03:16:06 localhost: called: cron
2022-08-10 03:16:07 localhost: called: cron
2022-08-11 03:40:06 localhost: called: cron
2022-08-12 03:08:08 localhost: called: cron
2022-08-13 03:46:06 localhost: called: cron
2022-08-14 03:12:07 localhost: called: cron
2022-08-15 03:18:07 localhost: called: cron
2022-08-16 03:14:07 localhost: called: cron
2022-08-17 03:38:07 localhost: called: cron
2022-08-18 03:11:08 localhost: called: cron
2022-08-19 03:47:06 localhost: called: cron
2022-08-20 03:33:06 localhost: called: cron
2022-08-21 03:44:07 localhost: called: cron
2022-08-22 03:25:07 localhost: called: cron
2022-08-23 03:19:18 localhost: called: cron
2022-08-24 03:29:07 localhost: called: cron
2022-08-25 03:21:13 localhost: called: cron
2022-08-26 03:29:07 localhost: called: cron
2022-08-27 03:45:07 localhost: called: cron
2022-08-28 03:10:06 localhost: called: cron
2022-08-29 03:22:06 localhost: called: cron
2022-08-30 03:43:10 localhost: called: cron
2022-08-31 03:38:07 localhost: called: cron
2022-09-01 03:35:06 localhost: called: cron
2022-09-02 03:22:07 localhost: called: cron
2022-09-03 03:33:12 localhost: called: cron
2022-09-04 03:40:12 localhost: called: cron
2022-09-05 03:17:06 localhost: called: cron
2022-09-06 03:15:06 localhost: called: cron
2022-09-07 03:17:06 localhost: called: cron
2022-09-08 03:09:07 localhost: called: cron
2022-09-09 03:06:06 localhost: called: cron
2022-09-10 03:26:18 localhost: called: cron
2022-09-11 03:32:06 localhost: called: cron
2022-09-12 03:34:08 localhost: called: cron
2022-09-13 03:35:06 localhost: called: cron
2022-09-14 03:26:07 localhost: called: cron
2022-09-15 03:20:07 localhost: called: cron
2022-09-16 03:32:07 localhost: called: cron
2022-09-17 03:47:06 localhost: called: cron
2022-09-18 03:34:06 localhost: called: cron
2022-09-19 03:28:06 localhost: called: cron
2022-09-20 03:47:06 localhost: called: cron
2022-09-21 03:34:07 localhost: called: cron
2022-09-22 03:14:07 localhost: called: cron
2022-09-23 03:23:07 localhost: called: cron
2022-09-24 03:27:06 localhost: called: cron
2022-09-25 03:11:07 localhost: called: cron
2022-09-26 03:34:07 localhost: called: cron
2022-09-27 03:22:06 localhost: called: cron
2022-09-28 03:26:06 localhost: called: cron
2022-09-29 03:34:06 localhost: called: cron
2022-09-30 03:29:06 localhost: called: cron
2022-10-01 03:15:06 localhost: called: cron
2022-10-02 03:16:07 localhost: called: cron
2022-10-03 03:34:06 localhost: called: cron
2022-10-04 03:31:06 localhost: called: cron
2022-10-05 03:43:07 localhost: called: cron
2022-10-06 03:09:06 localhost: called: cron
2022-10-07 03:13:06 localhost: called: cron
2022-10-08 03:27:06 localhost: called: cron
2022-10-09 03:09:07 localhost: called: cron
2022-10-10 03:08:06 localhost: called: cron
2022-10-11 03:13:06 localhost: called: cron
2022-10-12 03:27:06 localhost: called: cron
2022-10-13 03:17:06 localhost: called: cron
2022-10-14 03:41:06 localhost: called: cron
2022-10-15 03:17:06 localhost: called: cron
2022-10-16 03:46:06 localhost: called: cron
2022-10-17 03:13:06 localhost: called: cron
2022-10-18 03:40:07 localhost: called: cron
2022-10-19 03:49:07 localhost: called: cron
2022-10-20 03:28:06 localhost: called: cron
2022-10-21 03:27:07 localhost: called: cron
2022-10-22 03:21:06 localhost: called: cron
2022-10-23 03:49:07 localhost: called: cron
2022-10-24 03:48:07 localhost: called: cron
2022-10-25 03:39:07 localhost: called: cron
2022-10-26 03:25:06 localhost: called: cron
2022-10-27 03:18:06 localhost: called: cron
2022-10-28 03:33:06 localhost: called: cron
2022-10-29 03:13:06 localhost: called: cron
2022-10-30 03:44:08 localhost: called: cron
2022-10-31 03:06:07 localhost: called: cron
2022-11-01 03:25:07 localhost: called: cron
2022-11-02 03:27:06 localhost: called: cron
2022-11-03 03:33:07 localhost: called: cron
2022-11-04 03:18:07 localhost: called: cron
2022-11-05 03:08:10 localhost: called: cron
2022-11-06 03:14:07 localhost: called: cron
2022-11-07 03:46:07 localhost: called: cron
2022-11-08 03:31:06 localhost: called: cron
2022-11-09 03:22:06 localhost: called: cron
2022-11-10 03:46:07 localhost: called: cron
2022-11-11 03:47:07 localhost: called: cron
2022-11-12 03:20:06 localhost: called: cron
2022-11-13 03:15:06 localhost: called: cron
2022-11-14 03:50:06 localhost: called: cron
2022-11-15 03:10:07 localhost: called: cron
2022-11-16 03:43:07 localhost: called: cron
2022-11-17 03:41:07 localhost: called: cron
2022-11-18 03:33:07 localhost: called: cron
2022-11-19 03:14:06 localhost: called: cron
2022-11-20 03:22:07 localhost: called: cron
2022-11-21 03:45:06 localhost: called: cron
2022-11-22 03:37:07 localhost: called: cron
2022-11-23 03:23:06 localhost: called: cron
2022-11-24 03:17:07 localhost: called: cron
2022-11-25 03:21:06 localhost: called: cron
2022-11-26 03:21:08 localhost: called: cron
2022-11-27 03:15:07 localhost: called: cron
2022-11-28 03:43:07 localhost: called: cron
2022-11-29 03:36:06 localhost: called: cron
2022-11-30 03:49:07 localhost: called: cron
2022-12-01 03:15:06 localhost: called: cron
2022-12-02 03:08:09 localhost: called: cron
2022-12-03 03:18:07 localhost: called: cron
2022-12-04 03:23:06 localhost: called: cron
2022-12-05 03:38:07 localhost: called: cron
2022-12-06 03:08:07 localhost: called: cron
2022-12-07 03:06:07 localhost: called: cron
2022-12-08 03:37:06 localhost: called: cron
2022-12-09 03:24:07 localhost: called: cron
2022-12-10 03:16:07 localhost: called: cron
2022-12-11 03:24:07 localhost: called: cron
2022-12-12 03:24:06 localhost: called: cron
2022-12-13 03:48:07 localhost: called: cron
2022-12-14 03:32:07 localhost: called: cron
2022-12-15 03:34:07 localhost: called: cron
2022-12-16 03:36:07 localhost: called: cron
2022-12-17 03:16:09 localhost: called: cron
2022-12-18 03:38:07 localhost: called: cron
2022-12-19 03:28:07 localhost: called: cron
2022-12-20 03:21:07 localhost: called: cron
2022-12-21 03:26:06 localhost: called: cron
2022-12-22 03:22:07 localhost: called: cron
2022-12-23 03:16:07 localhost: called: cron
2022-12-24 03:32:06 localhost: called: cron
2022-12-25 03:30:07 localhost: called: cron
2022-12-26 03:29:07 localhost: called: cron
2022-12-27 03:21:06 localhost: called: cron
2022-12-28 03:45:06 localhost: called: cron
2022-12-29 03:44:07 localhost: called: cron
2022-12-30 03:45:06 localhost: called: cron
2022-12-31 03:13:08 localhost: called: cron
2023-01-01 03:43:07 localhost: called: cron
2023-01-02 03:33:06 localhost: called: cron
2023-01-03 03:16:06 localhost: called: cron
2023-01-04 03:32:07 localhost: called: cron
2023-01-05 03:24:09 localhost: called: cron
2023-01-06 03:18:07 localhost: called: cron
2023-01-07 03:28:06 localhost: called: cron
2023-01-08 03:13:09 localhost: called: cron
2023-01-09 03:31:07 localhost: called: cron
2023-01-10 03:14:06 localhost: called: cron
2023-01-11 03:24:06 localhost: called: cron
2023-01-12 03:37:07 localhost: called: cron
2023-01-13 03:37:07 localhost: called: cron
2023-01-14 03:22:07 localhost: called: cron
2023-01-15 03:09:06 localhost: called: cron
2023-01-16 03:37:07 localhost: called: cron
2023-01-17 03:29:06 localhost: called: cron
2023-01-18 03:41:07 localhost: called: cron
2023-01-19 03:37:07 localhost: called: cron
2023-01-20 03:11:07 localhost: called: cron
2023-01-21 03:43:07 localhost: called: cron
2023-01-22 03:16:07 localhost: called: cron
2023-01-23 03:09:08 localhost: called: cron
2023-01-24 03:32:07 localhost: called: cron
2023-01-25 03:22:07 localhost: called: cron
2023-01-26 03:29:08 localhost: called: cron
2023-01-27 03:27:07 localhost: called: cron
2023-01-28 03:26:07 localhost: called: cron
2023-01-29 03:40:07 localhost: called: cron
2023-01-30 03:28:07 localhost: called: cron
2023-01-31 03:39:08 localhost: called: cron
2023-02-01 03:49:08 localhost: called: cron
2023-02-02 03:43:07 localhost: called: cron
2023-02-03 03:40:07 localhost: called: cron
2023-02-04 03:26:08 localhost: called: cron
2023-02-05 03:17:07 localhost: called: cron
2023-02-06 03:21:07 localhost: called: cron
2023-02-07 03:24:11 localhost: called: cron
2023-02-08 03:10:09 localhost: called: cron
2023-02-09 03:19:08 localhost: called: cron
2023-02-10 03:35:10 localhost: called: cron
2023-02-11 03:30:09 localhost: called: cron
2023-02-12 03:13:10 localhost: called: cron
2023-02-13 03:36:09 localhost: called: cron
2023-02-14 03:30:11 localhost: called: cron
2023-02-15 03:47:07 localhost: called: cron
2023-02-16 03:39:10 localhost: called: cron
2023-02-17 03:43:10 localhost: called: cron
2023-02-18 03:15:10 localhost: called: cron
2023-02-19 03:22:09 localhost: called: cron
2023-02-20 03:49:09 localhost: called: cron
2023-02-21 03:18:09 localhost: called: cron
2023-02-22 03:27:10 localhost: called: cron
2023-02-23 03:18:08 localhost: called: cron
2023-02-24 03:41:08 localhost: called: cron
2023-02-25 03:32:10 localhost: called: cron
2023-02-26 03:33:09 localhost: called: cron
2023-02-27 03:31:11 localhost: called: cron
2023-02-28 03:25:11 localhost: called: cron
2023-03-01 03:21:09 localhost: called: cron
2023-03-02 03:07:11 localhost: called: cron
2023-03-03 03:15:11 localhost: called: cron
2023-03-04 03:13:10 localhost: called: cron
2023-03-05 03:13:10 localhost: called: cron
2023-03-06 03:40:11 localhost: called: cron
2023-03-07 03:39:08 localhost: called: cron
